<?xml version="1.0" encoding="UTF-8"?>
<!-- Generated by org.testng.reporters.JUnitReportReporter -->
<testsuite hostname="DESKTOP-UAC0RHQ" failures="0" tests="5" name="com.testcases.ProductDataDrivenTest" time="4.486" errors="0" timestamp="2025-10-17T11:04:01 IST" skipped="0">
  <testcase classname="com.testcases.ProductDataDrivenTest" name="testAddNewProduct" time="0.857"/>
  <testcase classname="com.testcases.ProductDataDrivenTest" name="testAddNewProduct" time="1.012"/>
  <testcase classname="com.testcases.ProductDataDrivenTest" name="testAddNewProduct" time="0.853"/>
  <testcase classname="com.testcases.ProductDataDrivenTest" name="testAddNewProduct" time="0.917"/>
  <testcase classname="com.testcases.ProductDataDrivenTest" name="testAddNewProduct" time="0.847"/>
</testsuite> <!-- com.testcases.ProductDataDrivenTest -->
