<?xml version="1.0" encoding="UTF-8"?>
<!-- Generated by org.testng.reporters.JUnitReportReporter -->
<testsuite hostname="DESKTOP-UAC0RHQ" failures="0" tests="8" name="com.testcases.UserTests" time="4.951" errors="0" timestamp="2025-10-17T12:15:27 IST" skipped="0">
  <testcase classname="com.testcases.UserTests" name="testGetUserById" time="0.483"/>
  <testcase classname="com.testcases.UserTests" name="testGetUsersSorted" time="0.577"/>
  <testcase classname="com.testcases.UserTests" name="testCreateUser" time="0.980"/>
  <testcase classname="com.testcases.UserTests" name="testGetUsersWithLimit" time="0.803"/>
  <testcase classname="com.testcases.UserTests" name="testUpdateUser" time="0.436"/>
  <testcase classname="com.testcases.UserTests" name="testGetUsersSortedAsc" time="0.582"/>
  <testcase classname="com.testcases.UserTests" name="testDeleteUser" time="0.494"/>
  <testcase classname="com.testcases.UserTests" name="testGetAllUsers" time="0.596"/>
</testsuite> <!-- com.testcases.UserTests -->
