<?xml version="1.0" encoding="UTF-8"?>
<!-- Generated by org.testng.reporters.JUnitReportReporter -->
<testsuite hostname="DESKTOP-UAC0RHQ" failures="0" tests="10" name="com.testcases.ProductTests" time="10.503" errors="0" timestamp="2025-10-17T12:15:27 IST" skipped="0">
  <testcase classname="com.testcases.ProductTests" name="testAddNewProduct" time="6.066"/>
  <testcase classname="com.testcases.ProductTests" name="testDeleteProduct" time="0.470"/>
  <testcase classname="com.testcases.ProductTests" name="testGetLimitedProducts" time="0.474"/>
  <testcase classname="com.testcases.ProductTests" name="testGetSortedProducts" time="0.476"/>
  <testcase classname="com.testcases.ProductTests" name="testGetSortedProductsAsc" time="0.472"/>
  <testcase classname="com.testcases.ProductTests" name="testGetAllProducts" time="0.579"/>
  <testcase classname="com.testcases.ProductTests" name="testGetSingleProductById" time="0.427"/>
  <testcase classname="com.testcases.ProductTests" name="testGetAllCategories" time="0.512"/>
  <testcase classname="com.testcases.ProductTests" name="testUpdateProduct" time="0.454"/>
  <testcase classname="com.testcases.ProductTests" name="testGetProductsByCategory" time="0.573"/>
</testsuite> <!-- com.testcases.ProductTests -->
