<?xml version="1.0" encoding="UTF-8"?>
<!-- Generated by org.testng.reporters.JUnitReportReporter -->
<testsuite hostname="DESKTOP-UAC0RHQ" failures="0" tests="2" name="com.testcases.LoginTests" time="1.458" errors="0" timestamp="2025-10-17T12:15:27 IST" skipped="0">
  <testcase classname="com.testcases.LoginTests" name="testInvalidLogin" time="0.822"/>
  <testcase classname="com.testcases.LoginTests" name="testValidLogin" time="0.636"/>
</testsuite> <!-- com.testcases.LoginTests -->
