<?xml version="1.0" encoding="UTF-8"?>
<!-- Generated by org.testng.reporters.JUnitReportReporter -->
<testsuite hostname="DESKTOP-UAC0RHQ" failures="0" tests="3" name="com.testcases.SchemaTests" time="2.335" errors="0" timestamp="2025-10-17T12:15:27 IST" skipped="0">
  <testcase classname="com.testcases.SchemaTests" name="testUserSchema" time="0.635"/>
  <testcase classname="com.testcases.SchemaTests" name="testCartSchema" time="1.281"/>
  <testcase classname="com.testcases.SchemaTests" name="testProductSchema" time="0.419"/>
</testsuite> <!-- com.testcases.SchemaTests -->
