<?xml version="1.0" encoding="UTF-8"?>
<!-- Generated by org.testng.reporters.JUnitReportReporter -->
<testsuite hostname="DESKTOP-UAC0RHQ" failures="0" tests="11" name="com.testcases.CartTests" time="5.774" errors="0" timestamp="2025-10-17T12:15:27 IST" skipped="0">
  <testcase classname="com.testcases.CartTests" name="testGetUserCart" time="0.501"/>
  <testcase classname="com.testcases.CartTests" name="testGetAllCarts" time="0.550"/>
  <testcase classname="com.testcases.CartTests" name="testGetCartsSortedAsc" time="0.549"/>
  <testcase classname="com.testcases.CartTests" name="testGetUserCartsByDateRange" time="0.468"/>
  <testcase classname="com.testcases.CartTests" name="testGetCartsByDateRange" time="0.565"/>
  <testcase classname="com.testcases.CartTests" name="testGetCartsSorted" time="0.629"/>
  <testcase classname="com.testcases.CartTests" name="testGetCartsWithLimit" time="0.507"/>
  <testcase classname="com.testcases.CartTests" name="testDeleteCart" time="0.463"/>
  <testcase classname="com.testcases.CartTests" name="testGetCartById" time="0.527"/>
  <testcase classname="com.testcases.CartTests" name="testCreateCart" time="0.495"/>
  <testcase classname="com.testcases.CartTests" name="testUpdateCart" time="0.520"/>
</testsuite> <!-- com.testcases.CartTests -->
